CRITICAL - 2024-02-29 09:21:21 --> Invalid file: layout/header.php
#0 C:\xampp\htdocs\zaesen\system\View\View.php(198): CodeIgniter\Exceptions\FrameworkException::forInvalidFile('layout/header.p...')
#1 C:\xampp\htdocs\zaesen\system\Common.php(1089): CodeIgniter\View\View->render('layout/header', Array, true)
#2 C:\xampp\htdocs\zaesen\app\Views\halaman\dashboard.php(1): view('layout/header')
#3 C:\xampp\htdocs\zaesen\system\View\View.php(210): include('C:\\xampp\\htdocs...')
#4 C:\xampp\htdocs\zaesen\system\View\View.php(213): CodeIgniter\View\View->CodeIgniter\View\{closure}()
#5 C:\xampp\htdocs\zaesen\system\Common.php(1089): CodeIgniter\View\View->render('halaman/dashboa...', Array, true)
#6 C:\xampp\htdocs\zaesen\app\Controllers\Home.php(118): view('halaman/dashboa...')
#7 C:\xampp\htdocs\zaesen\system\CodeIgniter.php(832): App\Controllers\Home->dashboard()
#8 C:\xampp\htdocs\zaesen\system\CodeIgniter.php(419): CodeIgniter\CodeIgniter->runController(Object(App\Controllers\Home))
#9 C:\xampp\htdocs\zaesen\system\CodeIgniter.php(326): CodeIgniter\CodeIgniter->handleRequest(NULL, Object(Config\Cache), false)
#10 C:\xampp\htdocs\zaesen\public\index.php(37): CodeIgniter\CodeIgniter->run()
#11 C:\xampp\htdocs\zaesen\system\Commands\Server\rewrite.php(43): require_once('C:\\xampp\\htdocs...')
#12 {main}
CRITICAL - 2024-02-29 09:25:20 --> Invalid file: layout/header.php
#0 C:\xampp\htdocs\zaesen\system\View\View.php(198): CodeIgniter\Exceptions\FrameworkException::forInvalidFile('layout/header.p...')
#1 C:\xampp\htdocs\zaesen\system\Common.php(1089): CodeIgniter\View\View->render('layout/header', Array, true)
#2 C:\xampp\htdocs\zaesen\app\Views\halaman\dashboard.php(1): view('layout/header')
#3 C:\xampp\htdocs\zaesen\system\View\View.php(210): include('C:\\xampp\\htdocs...')
#4 C:\xampp\htdocs\zaesen\system\View\View.php(213): CodeIgniter\View\View->CodeIgniter\View\{closure}()
#5 C:\xampp\htdocs\zaesen\system\Common.php(1089): CodeIgniter\View\View->render('halaman/dashboa...', Array, true)
#6 C:\xampp\htdocs\zaesen\app\Controllers\Home.php(118): view('halaman/dashboa...')
#7 C:\xampp\htdocs\zaesen\system\CodeIgniter.php(832): App\Controllers\Home->dashboard()
#8 C:\xampp\htdocs\zaesen\system\CodeIgniter.php(419): CodeIgniter\CodeIgniter->runController(Object(App\Controllers\Home))
#9 C:\xampp\htdocs\zaesen\system\CodeIgniter.php(326): CodeIgniter\CodeIgniter->handleRequest(NULL, Object(Config\Cache), false)
#10 C:\xampp\htdocs\zaesen\public\index.php(37): CodeIgniter\CodeIgniter->run()
#11 C:\xampp\htdocs\zaesen\system\Commands\Server\rewrite.php(43): require_once('C:\\xampp\\htdocs...')
#12 {main}
CRITICAL - 2024-02-29 09:26:00 --> Invalid file: layout/header.php
#0 C:\xampp\htdocs\zaesen\system\View\View.php(198): CodeIgniter\Exceptions\FrameworkException::forInvalidFile('layout/header.p...')
#1 C:\xampp\htdocs\zaesen\system\Common.php(1089): CodeIgniter\View\View->render('layout/header', Array, true)
#2 C:\xampp\htdocs\zaesen\app\Views\halaman\dashboard.php(1): view('layout/header')
#3 C:\xampp\htdocs\zaesen\system\View\View.php(210): include('C:\\xampp\\htdocs...')
#4 C:\xampp\htdocs\zaesen\system\View\View.php(213): CodeIgniter\View\View->CodeIgniter\View\{closure}()
#5 C:\xampp\htdocs\zaesen\system\Common.php(1089): CodeIgniter\View\View->render('halaman/dashboa...', Array, true)
#6 C:\xampp\htdocs\zaesen\app\Controllers\Home.php(118): view('halaman/dashboa...')
#7 C:\xampp\htdocs\zaesen\system\CodeIgniter.php(832): App\Controllers\Home->dashboard()
#8 C:\xampp\htdocs\zaesen\system\CodeIgniter.php(419): CodeIgniter\CodeIgniter->runController(Object(App\Controllers\Home))
#9 C:\xampp\htdocs\zaesen\system\CodeIgniter.php(326): CodeIgniter\CodeIgniter->handleRequest(NULL, Object(Config\Cache), false)
#10 C:\xampp\htdocs\zaesen\public\index.php(37): CodeIgniter\CodeIgniter->run()
#11 C:\xampp\htdocs\zaesen\system\Commands\Server\rewrite.php(43): require_once('C:\\xampp\\htdocs...')
#12 {main}
CRITICAL - 2024-02-29 09:26:01 --> Invalid file: layout/header.php
#0 C:\xampp\htdocs\zaesen\system\View\View.php(198): CodeIgniter\Exceptions\FrameworkException::forInvalidFile('layout/header.p...')
#1 C:\xampp\htdocs\zaesen\system\Common.php(1089): CodeIgniter\View\View->render('layout/header', Array, true)
#2 C:\xampp\htdocs\zaesen\app\Views\halaman\dashboard.php(1): view('layout/header')
#3 C:\xampp\htdocs\zaesen\system\View\View.php(210): include('C:\\xampp\\htdocs...')
#4 C:\xampp\htdocs\zaesen\system\View\View.php(213): CodeIgniter\View\View->CodeIgniter\View\{closure}()
#5 C:\xampp\htdocs\zaesen\system\Common.php(1089): CodeIgniter\View\View->render('halaman/dashboa...', Array, true)
#6 C:\xampp\htdocs\zaesen\app\Controllers\Home.php(118): view('halaman/dashboa...')
#7 C:\xampp\htdocs\zaesen\system\CodeIgniter.php(832): App\Controllers\Home->dashboard()
#8 C:\xampp\htdocs\zaesen\system\CodeIgniter.php(419): CodeIgniter\CodeIgniter->runController(Object(App\Controllers\Home))
#9 C:\xampp\htdocs\zaesen\system\CodeIgniter.php(326): CodeIgniter\CodeIgniter->handleRequest(NULL, Object(Config\Cache), false)
#10 C:\xampp\htdocs\zaesen\public\index.php(37): CodeIgniter\CodeIgniter->run()
#11 C:\xampp\htdocs\zaesen\system\Commands\Server\rewrite.php(43): require_once('C:\\xampp\\htdocs...')
#12 {main}
CRITICAL - 2024-02-29 09:26:01 --> Invalid file: layout/header.php
#0 C:\xampp\htdocs\zaesen\system\View\View.php(198): CodeIgniter\Exceptions\FrameworkException::forInvalidFile('layout/header.p...')
#1 C:\xampp\htdocs\zaesen\system\Common.php(1089): CodeIgniter\View\View->render('layout/header', Array, true)
#2 C:\xampp\htdocs\zaesen\app\Views\halaman\dashboard.php(1): view('layout/header')
#3 C:\xampp\htdocs\zaesen\system\View\View.php(210): include('C:\\xampp\\htdocs...')
#4 C:\xampp\htdocs\zaesen\system\View\View.php(213): CodeIgniter\View\View->CodeIgniter\View\{closure}()
#5 C:\xampp\htdocs\zaesen\system\Common.php(1089): CodeIgniter\View\View->render('halaman/dashboa...', Array, true)
#6 C:\xampp\htdocs\zaesen\app\Controllers\Home.php(118): view('halaman/dashboa...')
#7 C:\xampp\htdocs\zaesen\system\CodeIgniter.php(832): App\Controllers\Home->dashboard()
#8 C:\xampp\htdocs\zaesen\system\CodeIgniter.php(419): CodeIgniter\CodeIgniter->runController(Object(App\Controllers\Home))
#9 C:\xampp\htdocs\zaesen\system\CodeIgniter.php(326): CodeIgniter\CodeIgniter->handleRequest(NULL, Object(Config\Cache), false)
#10 C:\xampp\htdocs\zaesen\public\index.php(37): CodeIgniter\CodeIgniter->run()
#11 C:\xampp\htdocs\zaesen\system\Commands\Server\rewrite.php(43): require_once('C:\\xampp\\htdocs...')
#12 {main}
CRITICAL - 2024-02-29 09:26:39 --> Invalid file: layout/header.php
#0 C:\xampp\htdocs\zaesen\system\View\View.php(198): CodeIgniter\Exceptions\FrameworkException::forInvalidFile('layout/header.p...')
#1 C:\xampp\htdocs\zaesen\system\Common.php(1089): CodeIgniter\View\View->render('layout/header', Array, true)
#2 C:\xampp\htdocs\zaesen\app\Views\halaman\dashboard.php(1): view('layout/header')
#3 C:\xampp\htdocs\zaesen\system\View\View.php(210): include('C:\\xampp\\htdocs...')
#4 C:\xampp\htdocs\zaesen\system\View\View.php(213): CodeIgniter\View\View->CodeIgniter\View\{closure}()
#5 C:\xampp\htdocs\zaesen\system\Common.php(1089): CodeIgniter\View\View->render('halaman/dashboa...', Array, true)
#6 C:\xampp\htdocs\zaesen\app\Controllers\Home.php(118): view('halaman/dashboa...')
#7 C:\xampp\htdocs\zaesen\system\CodeIgniter.php(832): App\Controllers\Home->dashboard()
#8 C:\xampp\htdocs\zaesen\system\CodeIgniter.php(419): CodeIgniter\CodeIgniter->runController(Object(App\Controllers\Home))
#9 C:\xampp\htdocs\zaesen\system\CodeIgniter.php(326): CodeIgniter\CodeIgniter->handleRequest(NULL, Object(Config\Cache), false)
#10 C:\xampp\htdocs\zaesen\public\index.php(37): CodeIgniter\CodeIgniter->run()
#11 C:\xampp\htdocs\zaesen\system\Commands\Server\rewrite.php(43): require_once('C:\\xampp\\htdocs...')
#12 {main}
CRITICAL - 2024-02-29 09:26:40 --> Invalid file: layout/header.php
#0 C:\xampp\htdocs\zaesen\system\View\View.php(198): CodeIgniter\Exceptions\FrameworkException::forInvalidFile('layout/header.p...')
#1 C:\xampp\htdocs\zaesen\system\Common.php(1089): CodeIgniter\View\View->render('layout/header', Array, true)
#2 C:\xampp\htdocs\zaesen\app\Views\halaman\dashboard.php(1): view('layout/header')
#3 C:\xampp\htdocs\zaesen\system\View\View.php(210): include('C:\\xampp\\htdocs...')
#4 C:\xampp\htdocs\zaesen\system\View\View.php(213): CodeIgniter\View\View->CodeIgniter\View\{closure}()
#5 C:\xampp\htdocs\zaesen\system\Common.php(1089): CodeIgniter\View\View->render('halaman/dashboa...', Array, true)
#6 C:\xampp\htdocs\zaesen\app\Controllers\Home.php(118): view('halaman/dashboa...')
#7 C:\xampp\htdocs\zaesen\system\CodeIgniter.php(832): App\Controllers\Home->dashboard()
#8 C:\xampp\htdocs\zaesen\system\CodeIgniter.php(419): CodeIgniter\CodeIgniter->runController(Object(App\Controllers\Home))
#9 C:\xampp\htdocs\zaesen\system\CodeIgniter.php(326): CodeIgniter\CodeIgniter->handleRequest(NULL, Object(Config\Cache), false)
#10 C:\xampp\htdocs\zaesen\public\index.php(37): CodeIgniter\CodeIgniter->run()
#11 C:\xampp\htdocs\zaesen\system\Commands\Server\rewrite.php(43): require_once('C:\\xampp\\htdocs...')
#12 {main}
CRITICAL - 2024-02-29 09:26:53 --> Invalid file: layout/header.php
#0 C:\xampp\htdocs\zaesen\system\View\View.php(198): CodeIgniter\Exceptions\FrameworkException::forInvalidFile('layout/header.p...')
#1 C:\xampp\htdocs\zaesen\system\Common.php(1089): CodeIgniter\View\View->render('layout/header', Array, true)
#2 C:\xampp\htdocs\zaesen\app\Views\halaman\dashboard.php(1): view('layout/header')
#3 C:\xampp\htdocs\zaesen\system\View\View.php(210): include('C:\\xampp\\htdocs...')
#4 C:\xampp\htdocs\zaesen\system\View\View.php(213): CodeIgniter\View\View->CodeIgniter\View\{closure}()
#5 C:\xampp\htdocs\zaesen\system\Common.php(1089): CodeIgniter\View\View->render('halaman/dashboa...', Array, true)
#6 C:\xampp\htdocs\zaesen\app\Controllers\Home.php(118): view('halaman/dashboa...')
#7 C:\xampp\htdocs\zaesen\system\CodeIgniter.php(832): App\Controllers\Home->dashboard()
#8 C:\xampp\htdocs\zaesen\system\CodeIgniter.php(419): CodeIgniter\CodeIgniter->runController(Object(App\Controllers\Home))
#9 C:\xampp\htdocs\zaesen\system\CodeIgniter.php(326): CodeIgniter\CodeIgniter->handleRequest(NULL, Object(Config\Cache), false)
#10 C:\xampp\htdocs\zaesen\public\index.php(37): CodeIgniter\CodeIgniter->run()
#11 C:\xampp\htdocs\zaesen\system\Commands\Server\rewrite.php(43): require_once('C:\\xampp\\htdocs...')
#12 {main}
CRITICAL - 2024-02-29 09:26:54 --> Invalid file: layout/header.php
#0 C:\xampp\htdocs\zaesen\system\View\View.php(198): CodeIgniter\Exceptions\FrameworkException::forInvalidFile('layout/header.p...')
#1 C:\xampp\htdocs\zaesen\system\Common.php(1089): CodeIgniter\View\View->render('layout/header', Array, true)
#2 C:\xampp\htdocs\zaesen\app\Views\halaman\dashboard.php(1): view('layout/header')
#3 C:\xampp\htdocs\zaesen\system\View\View.php(210): include('C:\\xampp\\htdocs...')
#4 C:\xampp\htdocs\zaesen\system\View\View.php(213): CodeIgniter\View\View->CodeIgniter\View\{closure}()
#5 C:\xampp\htdocs\zaesen\system\Common.php(1089): CodeIgniter\View\View->render('halaman/dashboa...', Array, true)
#6 C:\xampp\htdocs\zaesen\app\Controllers\Home.php(118): view('halaman/dashboa...')
#7 C:\xampp\htdocs\zaesen\system\CodeIgniter.php(832): App\Controllers\Home->dashboard()
#8 C:\xampp\htdocs\zaesen\system\CodeIgniter.php(419): CodeIgniter\CodeIgniter->runController(Object(App\Controllers\Home))
#9 C:\xampp\htdocs\zaesen\system\CodeIgniter.php(326): CodeIgniter\CodeIgniter->handleRequest(NULL, Object(Config\Cache), false)
#10 C:\xampp\htdocs\zaesen\public\index.php(37): CodeIgniter\CodeIgniter->run()
#11 C:\xampp\htdocs\zaesen\system\Commands\Server\rewrite.php(43): require_once('C:\\xampp\\htdocs...')
#12 {main}
CRITICAL - 2024-02-29 09:26:54 --> Invalid file: layout/header.php
#0 C:\xampp\htdocs\zaesen\system\View\View.php(198): CodeIgniter\Exceptions\FrameworkException::forInvalidFile('layout/header.p...')
#1 C:\xampp\htdocs\zaesen\system\Common.php(1089): CodeIgniter\View\View->render('layout/header', Array, true)
#2 C:\xampp\htdocs\zaesen\app\Views\halaman\dashboard.php(1): view('layout/header')
#3 C:\xampp\htdocs\zaesen\system\View\View.php(210): include('C:\\xampp\\htdocs...')
#4 C:\xampp\htdocs\zaesen\system\View\View.php(213): CodeIgniter\View\View->CodeIgniter\View\{closure}()
#5 C:\xampp\htdocs\zaesen\system\Common.php(1089): CodeIgniter\View\View->render('halaman/dashboa...', Array, true)
#6 C:\xampp\htdocs\zaesen\app\Controllers\Home.php(118): view('halaman/dashboa...')
#7 C:\xampp\htdocs\zaesen\system\CodeIgniter.php(832): App\Controllers\Home->dashboard()
#8 C:\xampp\htdocs\zaesen\system\CodeIgniter.php(419): CodeIgniter\CodeIgniter->runController(Object(App\Controllers\Home))
#9 C:\xampp\htdocs\zaesen\system\CodeIgniter.php(326): CodeIgniter\CodeIgniter->handleRequest(NULL, Object(Config\Cache), false)
#10 C:\xampp\htdocs\zaesen\public\index.php(37): CodeIgniter\CodeIgniter->run()
#11 C:\xampp\htdocs\zaesen\system\Commands\Server\rewrite.php(43): require_once('C:\\xampp\\htdocs...')
#12 {main}
CRITICAL - 2024-02-29 09:27:20 --> Invalid file: layout/header.php
#0 C:\xampp\htdocs\zaesen\system\View\View.php(198): CodeIgniter\Exceptions\FrameworkException::forInvalidFile('layout/header.p...')
#1 C:\xampp\htdocs\zaesen\system\Common.php(1089): CodeIgniter\View\View->render('layout/header', Array, true)
#2 C:\xampp\htdocs\zaesen\app\Views\halaman\dashboard.php(1): view('layout/header')
#3 C:\xampp\htdocs\zaesen\system\View\View.php(210): include('C:\\xampp\\htdocs...')
#4 C:\xampp\htdocs\zaesen\system\View\View.php(213): CodeIgniter\View\View->CodeIgniter\View\{closure}()
#5 C:\xampp\htdocs\zaesen\system\Common.php(1089): CodeIgniter\View\View->render('halaman/dashboa...', Array, true)
#6 C:\xampp\htdocs\zaesen\app\Controllers\Home.php(118): view('halaman/dashboa...')
#7 C:\xampp\htdocs\zaesen\system\CodeIgniter.php(832): App\Controllers\Home->dashboard()
#8 C:\xampp\htdocs\zaesen\system\CodeIgniter.php(419): CodeIgniter\CodeIgniter->runController(Object(App\Controllers\Home))
#9 C:\xampp\htdocs\zaesen\system\CodeIgniter.php(326): CodeIgniter\CodeIgniter->handleRequest(NULL, Object(Config\Cache), false)
#10 C:\xampp\htdocs\zaesen\public\index.php(37): CodeIgniter\CodeIgniter->run()
#11 C:\xampp\htdocs\zaesen\system\Commands\Server\rewrite.php(43): require_once('C:\\xampp\\htdocs...')
#12 {main}
CRITICAL - 2024-02-29 09:27:21 --> Invalid file: layout/header.php
#0 C:\xampp\htdocs\zaesen\system\View\View.php(198): CodeIgniter\Exceptions\FrameworkException::forInvalidFile('layout/header.p...')
#1 C:\xampp\htdocs\zaesen\system\Common.php(1089): CodeIgniter\View\View->render('layout/header', Array, true)
#2 C:\xampp\htdocs\zaesen\app\Views\halaman\dashboard.php(1): view('layout/header')
#3 C:\xampp\htdocs\zaesen\system\View\View.php(210): include('C:\\xampp\\htdocs...')
#4 C:\xampp\htdocs\zaesen\system\View\View.php(213): CodeIgniter\View\View->CodeIgniter\View\{closure}()
#5 C:\xampp\htdocs\zaesen\system\Common.php(1089): CodeIgniter\View\View->render('halaman/dashboa...', Array, true)
#6 C:\xampp\htdocs\zaesen\app\Controllers\Home.php(118): view('halaman/dashboa...')
#7 C:\xampp\htdocs\zaesen\system\CodeIgniter.php(832): App\Controllers\Home->dashboard()
#8 C:\xampp\htdocs\zaesen\system\CodeIgniter.php(419): CodeIgniter\CodeIgniter->runController(Object(App\Controllers\Home))
#9 C:\xampp\htdocs\zaesen\system\CodeIgniter.php(326): CodeIgniter\CodeIgniter->handleRequest(NULL, Object(Config\Cache), false)
#10 C:\xampp\htdocs\zaesen\public\index.php(37): CodeIgniter\CodeIgniter->run()
#11 C:\xampp\htdocs\zaesen\system\Commands\Server\rewrite.php(43): require_once('C:\\xampp\\htdocs...')
#12 {main}
CRITICAL - 2024-02-29 09:27:21 --> Invalid file: layout/header.php
#0 C:\xampp\htdocs\zaesen\system\View\View.php(198): CodeIgniter\Exceptions\FrameworkException::forInvalidFile('layout/header.p...')
#1 C:\xampp\htdocs\zaesen\system\Common.php(1089): CodeIgniter\View\View->render('layout/header', Array, true)
#2 C:\xampp\htdocs\zaesen\app\Views\halaman\dashboard.php(1): view('layout/header')
#3 C:\xampp\htdocs\zaesen\system\View\View.php(210): include('C:\\xampp\\htdocs...')
#4 C:\xampp\htdocs\zaesen\system\View\View.php(213): CodeIgniter\View\View->CodeIgniter\View\{closure}()
#5 C:\xampp\htdocs\zaesen\system\Common.php(1089): CodeIgniter\View\View->render('halaman/dashboa...', Array, true)
#6 C:\xampp\htdocs\zaesen\app\Controllers\Home.php(118): view('halaman/dashboa...')
#7 C:\xampp\htdocs\zaesen\system\CodeIgniter.php(832): App\Controllers\Home->dashboard()
#8 C:\xampp\htdocs\zaesen\system\CodeIgniter.php(419): CodeIgniter\CodeIgniter->runController(Object(App\Controllers\Home))
#9 C:\xampp\htdocs\zaesen\system\CodeIgniter.php(326): CodeIgniter\CodeIgniter->handleRequest(NULL, Object(Config\Cache), false)
#10 C:\xampp\htdocs\zaesen\public\index.php(37): CodeIgniter\CodeIgniter->run()
#11 C:\xampp\htdocs\zaesen\system\Commands\Server\rewrite.php(43): require_once('C:\\xampp\\htdocs...')
#12 {main}
CRITICAL - 2024-02-29 09:27:35 --> Invalid file: layout/header.php
#0 C:\xampp\htdocs\zaesen\system\View\View.php(198): CodeIgniter\Exceptions\FrameworkException::forInvalidFile('layout/header.p...')
#1 C:\xampp\htdocs\zaesen\system\Common.php(1089): CodeIgniter\View\View->render('layout/header', Array, true)
#2 C:\xampp\htdocs\zaesen\app\Views\halaman\dashboard.php(1): view('layout/header')
#3 C:\xampp\htdocs\zaesen\system\View\View.php(210): include('C:\\xampp\\htdocs...')
#4 C:\xampp\htdocs\zaesen\system\View\View.php(213): CodeIgniter\View\View->CodeIgniter\View\{closure}()
#5 C:\xampp\htdocs\zaesen\system\Common.php(1089): CodeIgniter\View\View->render('halaman/dashboa...', Array, true)
#6 C:\xampp\htdocs\zaesen\app\Controllers\Home.php(118): view('halaman/dashboa...')
#7 C:\xampp\htdocs\zaesen\system\CodeIgniter.php(832): App\Controllers\Home->dashboard()
#8 C:\xampp\htdocs\zaesen\system\CodeIgniter.php(419): CodeIgniter\CodeIgniter->runController(Object(App\Controllers\Home))
#9 C:\xampp\htdocs\zaesen\system\CodeIgniter.php(326): CodeIgniter\CodeIgniter->handleRequest(NULL, Object(Config\Cache), false)
#10 C:\xampp\htdocs\zaesen\public\index.php(37): CodeIgniter\CodeIgniter->run()
#11 C:\xampp\htdocs\zaesen\system\Commands\Server\rewrite.php(43): require_once('C:\\xampp\\htdocs...')
#12 {main}
CRITICAL - 2024-02-29 09:27:35 --> Invalid file: layout/header.php
#0 C:\xampp\htdocs\zaesen\system\View\View.php(198): CodeIgniter\Exceptions\FrameworkException::forInvalidFile('layout/header.p...')
#1 C:\xampp\htdocs\zaesen\system\Common.php(1089): CodeIgniter\View\View->render('layout/header', Array, true)
#2 C:\xampp\htdocs\zaesen\app\Views\halaman\dashboard.php(1): view('layout/header')
#3 C:\xampp\htdocs\zaesen\system\View\View.php(210): include('C:\\xampp\\htdocs...')
#4 C:\xampp\htdocs\zaesen\system\View\View.php(213): CodeIgniter\View\View->CodeIgniter\View\{closure}()
#5 C:\xampp\htdocs\zaesen\system\Common.php(1089): CodeIgniter\View\View->render('halaman/dashboa...', Array, true)
#6 C:\xampp\htdocs\zaesen\app\Controllers\Home.php(118): view('halaman/dashboa...')
#7 C:\xampp\htdocs\zaesen\system\CodeIgniter.php(832): App\Controllers\Home->dashboard()
#8 C:\xampp\htdocs\zaesen\system\CodeIgniter.php(419): CodeIgniter\CodeIgniter->runController(Object(App\Controllers\Home))
#9 C:\xampp\htdocs\zaesen\system\CodeIgniter.php(326): CodeIgniter\CodeIgniter->handleRequest(NULL, Object(Config\Cache), false)
#10 C:\xampp\htdocs\zaesen\public\index.php(37): CodeIgniter\CodeIgniter->run()
#11 C:\xampp\htdocs\zaesen\system\Commands\Server\rewrite.php(43): require_once('C:\\xampp\\htdocs...')
#12 {main}
CRITICAL - 2024-02-29 09:32:01 --> Invalid file: halaman/register.php
#0 C:\xampp\htdocs\zaesen\system\View\View.php(198): CodeIgniter\Exceptions\FrameworkException::forInvalidFile('halaman/registe...')
#1 C:\xampp\htdocs\zaesen\system\Common.php(1089): CodeIgniter\View\View->render('halaman/registe...', Array, true)
#2 C:\xampp\htdocs\zaesen\app\Controllers\Home.php(32): view('halaman/registe...')
#3 C:\xampp\htdocs\zaesen\system\CodeIgniter.php(832): App\Controllers\Home->register()
#4 C:\xampp\htdocs\zaesen\system\CodeIgniter.php(419): CodeIgniter\CodeIgniter->runController(Object(App\Controllers\Home))
#5 C:\xampp\htdocs\zaesen\system\CodeIgniter.php(326): CodeIgniter\CodeIgniter->handleRequest(NULL, Object(Config\Cache), false)
#6 C:\xampp\htdocs\zaesen\public\index.php(37): CodeIgniter\CodeIgniter->run()
#7 C:\xampp\htdocs\zaesen\system\Commands\Server\rewrite.php(43): require_once('C:\\xampp\\htdocs...')
#8 {main}
CRITICAL - 2024-02-29 09:38:08 --> Invalid file: halaman/register.php
#0 C:\xampp\htdocs\zaesen\system\View\View.php(198): CodeIgniter\Exceptions\FrameworkException::forInvalidFile('halaman/registe...')
#1 C:\xampp\htdocs\zaesen\system\Common.php(1089): CodeIgniter\View\View->render('halaman/registe...', Array, true)
#2 C:\xampp\htdocs\zaesen\app\Controllers\Home.php(32): view('halaman/registe...')
#3 C:\xampp\htdocs\zaesen\system\CodeIgniter.php(832): App\Controllers\Home->register()
#4 C:\xampp\htdocs\zaesen\system\CodeIgniter.php(419): CodeIgniter\CodeIgniter->runController(Object(App\Controllers\Home))
#5 C:\xampp\htdocs\zaesen\system\CodeIgniter.php(326): CodeIgniter\CodeIgniter->handleRequest(NULL, Object(Config\Cache), false)
#6 C:\xampp\htdocs\zaesen\public\index.php(37): CodeIgniter\CodeIgniter->run()
#7 C:\xampp\htdocs\zaesen\system\Commands\Server\rewrite.php(43): require_once('C:\\xampp\\htdocs...')
#8 {main}
CRITICAL - 2024-02-29 09:49:18 --> Invalid file: halaman/register.php
#0 C:\xampp\htdocs\zaesen\system\View\View.php(198): CodeIgniter\Exceptions\FrameworkException::forInvalidFile('halaman/registe...')
#1 C:\xampp\htdocs\zaesen\system\Common.php(1089): CodeIgniter\View\View->render('halaman/registe...', Array, true)
#2 C:\xampp\htdocs\zaesen\app\Controllers\Home.php(32): view('halaman/registe...')
#3 C:\xampp\htdocs\zaesen\system\CodeIgniter.php(832): App\Controllers\Home->register()
#4 C:\xampp\htdocs\zaesen\system\CodeIgniter.php(419): CodeIgniter\CodeIgniter->runController(Object(App\Controllers\Home))
#5 C:\xampp\htdocs\zaesen\system\CodeIgniter.php(326): CodeIgniter\CodeIgniter->handleRequest(NULL, Object(Config\Cache), false)
#6 C:\xampp\htdocs\zaesen\public\index.php(37): CodeIgniter\CodeIgniter->run()
#7 C:\xampp\htdocs\zaesen\system\Commands\Server\rewrite.php(43): require_once('C:\\xampp\\htdocs...')
#8 {main}
CRITICAL - 2024-02-29 09:56:03 --> Invalid file: peminjam/peminjam.php
#0 C:\xampp\htdocs\zaesen\system\View\View.php(198): CodeIgniter\Exceptions\FrameworkException::forInvalidFile('peminjam/peminj...')
#1 C:\xampp\htdocs\zaesen\system\Common.php(1089): CodeIgniter\View\View->render('peminjam/peminj...', Array, true)
#2 C:\xampp\htdocs\zaesen\app\Controllers\peminjam.php(28): view('peminjam/peminj...', Array)
#3 C:\xampp\htdocs\zaesen\system\CodeIgniter.php(832): App\Controllers\Peminjam->index()
#4 C:\xampp\htdocs\zaesen\system\CodeIgniter.php(419): CodeIgniter\CodeIgniter->runController(Object(App\Controllers\Peminjam))
#5 C:\xampp\htdocs\zaesen\system\CodeIgniter.php(326): CodeIgniter\CodeIgniter->handleRequest(NULL, Object(Config\Cache), false)
#6 C:\xampp\htdocs\zaesen\public\index.php(37): CodeIgniter\CodeIgniter->run()
#7 C:\xampp\htdocs\zaesen\system\Commands\Server\rewrite.php(43): require_once('C:\\xampp\\htdocs...')
#8 {main}
ERROR - 2024-02-29 10:13:58 --> Table 'perpus.kategori' doesn't exist
ERROR - 2024-02-29 10:13:59 --> Table 'perpus.kategori' doesn't exist
CRITICAL - 2024-02-29 10:14:23 --> Invalid argument supplied for foreach()
#0 C:\xampp\htdocs\zaesen\app\Controllers\Buku.php(84): CodeIgniter\Debug\Exceptions->errorHandler(2, 'Invalid argumen...', 'C:\\xampp\\htdocs...', 84, Array)
#1 C:\xampp\htdocs\zaesen\system\CodeIgniter.php(832): App\Controllers\Buku->aksi_input()
#2 C:\xampp\htdocs\zaesen\system\CodeIgniter.php(419): CodeIgniter\CodeIgniter->runController(Object(App\Controllers\Buku))
#3 C:\xampp\htdocs\zaesen\system\CodeIgniter.php(326): CodeIgniter\CodeIgniter->handleRequest(NULL, Object(Config\Cache), false)
#4 C:\xampp\htdocs\zaesen\public\index.php(37): CodeIgniter\CodeIgniter->run()
#5 C:\xampp\htdocs\zaesen\system\Commands\Server\rewrite.php(43): require_once('C:\\xampp\\htdocs...')
#6 {main}
CRITICAL - 2024-02-29 10:14:27 --> Invalid argument supplied for foreach()
#0 C:\xampp\htdocs\zaesen\app\Views\buku\buku.php(43): CodeIgniter\Debug\Exceptions->errorHandler(2, 'Invalid argumen...', 'C:\\xampp\\htdocs...', 43, Array)
#1 C:\xampp\htdocs\zaesen\system\View\View.php(210): include('C:\\xampp\\htdocs...')
#2 C:\xampp\htdocs\zaesen\system\View\View.php(213): CodeIgniter\View\View->CodeIgniter\View\{closure}()
#3 C:\xampp\htdocs\zaesen\system\Common.php(1089): CodeIgniter\View\View->render('buku/buku', Array, true)
#4 C:\xampp\htdocs\zaesen\app\Controllers\Buku.php(42): view('buku/buku', Array)
#5 C:\xampp\htdocs\zaesen\system\CodeIgniter.php(832): App\Controllers\Buku->index()
#6 C:\xampp\htdocs\zaesen\system\CodeIgniter.php(419): CodeIgniter\CodeIgniter->runController(Object(App\Controllers\Buku))
#7 C:\xampp\htdocs\zaesen\system\CodeIgniter.php(326): CodeIgniter\CodeIgniter->handleRequest(NULL, Object(Config\Cache), false)
#8 C:\xampp\htdocs\zaesen\public\index.php(37): CodeIgniter\CodeIgniter->run()
#9 C:\xampp\htdocs\zaesen\system\Commands\Server\rewrite.php(43): require_once('C:\\xampp\\htdocs...')
#10 {main}
CRITICAL - 2024-02-29 10:14:32 --> Invalid argument supplied for foreach()
#0 C:\xampp\htdocs\zaesen\app\Views\buku\buku.php(43): CodeIgniter\Debug\Exceptions->errorHandler(2, 'Invalid argumen...', 'C:\\xampp\\htdocs...', 43, Array)
#1 C:\xampp\htdocs\zaesen\system\View\View.php(210): include('C:\\xampp\\htdocs...')
#2 C:\xampp\htdocs\zaesen\system\View\View.php(213): CodeIgniter\View\View->CodeIgniter\View\{closure}()
#3 C:\xampp\htdocs\zaesen\system\Common.php(1089): CodeIgniter\View\View->render('buku/buku', Array, true)
#4 C:\xampp\htdocs\zaesen\app\Controllers\Buku.php(42): view('buku/buku', Array)
#5 C:\xampp\htdocs\zaesen\system\CodeIgniter.php(832): App\Controllers\Buku->index()
#6 C:\xampp\htdocs\zaesen\system\CodeIgniter.php(419): CodeIgniter\CodeIgniter->runController(Object(App\Controllers\Buku))
#7 C:\xampp\htdocs\zaesen\system\CodeIgniter.php(326): CodeIgniter\CodeIgniter->handleRequest(NULL, Object(Config\Cache), false)
#8 C:\xampp\htdocs\zaesen\public\index.php(37): CodeIgniter\CodeIgniter->run()
#9 C:\xampp\htdocs\zaesen\system\Commands\Server\rewrite.php(43): require_once('C:\\xampp\\htdocs...')
#10 {main}
ERROR - 2024-02-29 20:32:01 --> Duplicate entry '1' for key 'nama unik'
